TN:
SF:js/common.ts
FN:13,(anonymous_0)
FN:39,_parseTgVersion
FN:45,(anonymous_2)
FN:118,(anonymous_3)
FN:122,init
FN:130,(anonymous_5)
FN:144,(anonymous_6)
FN:150,(anonymous_7)
FN:179,(anonymous_8)
FN:288,(anonymous_9)
FN:290,(anonymous_10)
FN:293,(anonymous_11)
FN:295,(anonymous_12)
FN:304,(anonymous_13)
FN:355,(anonymous_14)
FNF:15
FNH:0
FNDA:0,(anonymous_0)
FNDA:0,_parseTgVersion
FNDA:0,(anonymous_2)
FNDA:0,(anonymous_3)
FNDA:0,init
FNDA:0,(anonymous_5)
FNDA:0,(anonymous_6)
FNDA:0,(anonymous_7)
FNDA:0,(anonymous_8)
FNDA:0,(anonymous_9)
FNDA:0,(anonymous_10)
FNDA:0,(anonymous_11)
FNDA:0,(anonymous_12)
FNDA:0,(anonymous_13)
FNDA:0,(anonymous_14)
DA:12,0
DA:13,0
DA:14,0
DA:29,0
DA:40,0
DA:41,0
DA:42,0
DA:43,0
DA:44,0
DA:45,0
DA:46,0
DA:47,0
DA:48,0
DA:49,0
DA:51,0
DA:52,0
DA:53,0
DA:54,0
DA:55,0
DA:68,0
DA:69,0
DA:70,0
DA:72,0
DA:73,0
DA:75,0
DA:76,0
DA:80,0
DA:81,0
DA:83,0
DA:84,0
DA:86,0
DA:87,0
DA:91,0
DA:92,0
DA:98,0
DA:99,0
DA:100,0
DA:101,0
DA:102,0
DA:108,0
DA:109,0
DA:110,0
DA:111,0
DA:112,0
DA:118,0
DA:119,0
DA:120,0
DA:123,0
DA:124,0
DA:125,0
DA:126,0
DA:127,0
DA:128,0
DA:129,0
DA:130,0
DA:133,0
DA:137,0
DA:138,0
DA:139,0
DA:140,0
DA:141,0
DA:144,0
DA:145,0
DA:146,0
DA:148,0
DA:149,0
DA:150,0
DA:151,0
DA:154,0
DA:155,0
DA:157,0
DA:158,0
DA:160,0
DA:161,0
DA:162,0
DA:164,0
DA:165,0
DA:167,0
DA:168,0
DA:169,0
DA:171,0
DA:179,0
DA:182,0
DA:183,0
DA:185,0
DA:186,0
DA:187,0
DA:188,0
DA:189,0
DA:199,0
DA:202,0
DA:205,0
DA:207,0
DA:208,0
DA:209,0
DA:210,0
DA:212,0
DA:213,0
DA:214,0
DA:215,0
DA:217,0
DA:218,0
DA:219,0
DA:222,0
DA:239,0
DA:240,0
DA:241,0
DA:242,0
DA:243,0
DA:244,0
DA:246,0
DA:248,0
DA:249,0
DA:250,0
DA:256,0
DA:283,0
DA:286,0
DA:288,0
DA:289,0
DA:290,0
DA:293,0
DA:294,0
DA:295,0
DA:304,0
DA:305,0
DA:306,0
DA:316,0
DA:317,0
DA:318,0
DA:321,0
DA:322,0
DA:333,0
DA:340,0
DA:342,0
DA:343,0
DA:355,0
DA:356,0
DA:357,0
DA:358,0
DA:359,0
DA:362,0
LF:141
LH:0
BRDA:14,0,0,0
BRDA:14,0,1,0
BRDA:40,1,0,0
BRDA:42,2,0,0
BRDA:42,2,1,0
BRDA:43,3,0,0
BRDA:43,3,1,0
BRDA:43,4,0,0
BRDA:43,4,1,0
BRDA:45,5,0,0
BRDA:49,6,0,0
BRDA:49,6,1,0
BRDA:51,7,0,0
BRDA:53,8,0,0
BRDA:68,9,0,0
BRDA:70,10,0,0
BRDA:70,10,1,0
BRDA:70,10,2,0
BRDA:70,10,3,0
BRDA:70,10,4,0
BRDA:70,10,5,0
BRDA:70,10,6,0
BRDA:91,11,0,0
BRDA:98,12,0,0
BRDA:101,13,0,0
BRDA:108,14,0,0
BRDA:110,15,0,0
BRDA:110,15,1,0
BRDA:123,16,0,0
BRDA:126,17,0,0
BRDA:126,17,1,0
BRDA:127,18,0,0
BRDA:129,19,0,0
BRDA:137,20,0,0
BRDA:137,21,0,0
BRDA:137,21,1,0
BRDA:145,22,0,0
BRDA:146,23,0,0
BRDA:149,24,0,0
BRDA:151,25,0,0
BRDA:179,26,0,0
BRDA:179,27,0,0
BRDA:183,28,0,0
BRDA:183,28,1,0
BRDA:186,29,0,0
BRDA:205,30,0,0
BRDA:205,30,1,0
BRDA:205,30,2,0
BRDA:239,31,0,0
BRDA:248,32,0,0
BRDA:305,33,0,0
BRDA:317,34,0,0
BRDA:322,35,0,0
BRDA:356,36,0,0
BRF:54
BRH:0
end_of_record
TN:
SF:js/core/data.ts
FN:10,(anonymous_0)
FN:15,(anonymous_1)
FN:20,(anonymous_2)
FN:25,(anonymous_3)
FN:30,(anonymous_4)
FNF:5
FNH:0
FNDA:0,(anonymous_0)
FNDA:0,(anonymous_1)
FNDA:0,(anonymous_2)
FNDA:0,(anonymous_3)
FNDA:0,(anonymous_4)
DA:6,0
DA:10,0
DA:11,0
DA:15,0
DA:16,0
DA:20,0
DA:21,0
DA:25,0
DA:26,0
DA:30,0
DA:31,0
DA:32,0
DA:36,0
LF:13
LH:0
BRDA:31,0,0,0
BRF:1
BRH:0
end_of_record
TN:
SF:js/core/event_manager.ts
FN:20,scheduleRender
FN:23,(anonymous_1)
FN:32,initializeEventManager
FN:35,(anonymous_3)
FNF:4
FNH:0
FNDA:0,scheduleRender
FNDA:0,(anonymous_1)
FNDA:0,initializeEventManager
FNDA:0,(anonymous_3)
DA:17,0
DA:21,0
DA:22,0
DA:23,0
DA:24,0
DA:25,0
DA:26,0
DA:33,0
DA:35,0
DA:36,0
DA:38,0
DA:41,0
DA:44,0
DA:46,0
LF:14
LH:0
BRDA:21,0,0,0
BRDA:25,1,0,0
BRDA:33,2,0,0
BRDA:33,2,1,0
BRDA:33,3,0,0
BRDA:33,3,1,0
BRF:6
BRH:0
end_of_record
TN:
SF:js/core/local_cache.ts
FN:28,(anonymous_0)
FN:36,(anonymous_1)
FN:51,(anonymous_2)
FN:53,(anonymous_3)
FN:58,(anonymous_4)
FN:75,(anonymous_5)
FN:85,(anonymous_6)
FN:87,(anonymous_7)
FN:94,(anonymous_8)
FN:105,(anonymous_9)
FN:118,(anonymous_10)
FNF:11
FNH:0
FNDA:0,(anonymous_0)
FNDA:0,(anonymous_1)
FNDA:0,(anonymous_2)
FNDA:0,(anonymous_3)
FNDA:0,(anonymous_4)
FNDA:0,(anonymous_5)
FNDA:0,(anonymous_6)
FNDA:0,(anonymous_7)
FNDA:0,(anonymous_8)
FNDA:0,(anonymous_9)
FNDA:0,(anonymous_10)
DA:14,0
DA:18,0
DA:20,0
DA:22,0
DA:24,0
DA:25,0
DA:29,0
DA:37,0
DA:38,0
DA:39,0
DA:40,0
DA:41,0
DA:43,0
DA:46,0
DA:52,0
DA:53,0
DA:54,0
DA:59,0
DA:60,0
DA:61,0
DA:63,0
DA:64,0
DA:65,0
DA:76,0
DA:77,0
DA:78,0
DA:80,0
DA:86,0
DA:87,0
DA:88,0
DA:89,0
DA:95,0
DA:96,0
DA:97,0
DA:98,0
DA:100,0
DA:106,0
DA:114,0
DA:115,0
DA:118,0
DA:120,0
LF:41
LH:0
BRDA:29,0,0,0
BRDA:29,0,1,0
BRDA:39,1,0,0
BRDA:39,1,1,0
BRDA:39,2,0,0
BRDA:39,2,1,0
BRDA:52,3,0,0
BRDA:59,4,0,0
BRDA:63,5,0,0
BRDA:86,6,0,0
BRDA:106,7,0,0
BRDA:106,7,1,0
BRDA:106,7,2,0
BRDA:106,7,3,0
BRF:14
BRH:0
end_of_record
TN:
SF:js/core/map.ts
FN:15,(anonymous_0)
FN:34,(anonymous_1)
FN:40,(anonymous_2)
FN:64,(anonymous_3)
FN:96,(anonymous_4)
FN:97,(anonymous_5)
FN:110,(anonymous_6)
FN:113,(anonymous_7)
FN:113,(anonymous_8)
FN:121,(anonymous_9)
FN:125,(anonymous_10)
FN:126,(anonymous_11)
FN:126,(anonymous_12)
FN:135,(anonymous_13)
FN:140,(anonymous_14)
FN:148,(anonymous_15)
FN:149,(anonymous_16)
FN:157,(anonymous_17)
FN:171,(anonymous_18)
FN:211,_highlightMatchedParts
FN:214,(anonymous_20)
FN:215,(anonymous_21)
FN:227,(anonymous_22)
FN:241,sanitizeUrl
FN:283,(anonymous_24)
FN:287,(anonymous_25)
FN:305,(anonymous_26)
FNF:27
FNH:0
FNDA:0,(anonymous_0)
FNDA:0,(anonymous_1)
FNDA:0,(anonymous_2)
FNDA:0,(anonymous_3)
FNDA:0,(anonymous_4)
FNDA:0,(anonymous_5)
FNDA:0,(anonymous_6)
FNDA:0,(anonymous_7)
FNDA:0,(anonymous_8)
FNDA:0,(anonymous_9)
FNDA:0,(anonymous_10)
FNDA:0,(anonymous_11)
FNDA:0,(anonymous_12)
FNDA:0,(anonymous_13)
FNDA:0,(anonymous_14)
FNDA:0,(anonymous_15)
FNDA:0,(anonymous_16)
FNDA:0,(anonymous_17)
FNDA:0,(anonymous_18)
FNDA:0,_highlightMatchedParts
FNDA:0,(anonymous_20)
FNDA:0,(anonymous_21)
FNDA:0,(anonymous_22)
FNDA:0,sanitizeUrl
FNDA:0,(anonymous_24)
FNDA:0,(anonymous_25)
FNDA:0,(anonymous_26)
DA:7,0
DA:15,0
DA:16,0
DA:17,0
DA:25,0
DA:26,0
DA:34,0
DA:35,0
DA:36,0
DA:37,0
DA:40,0
DA:41,0
DA:42,0
DA:47,0
DA:48,0
DA:52,0
DA:59,0
DA:61,0
DA:64,0
DA:65,0
DA:66,0
DA:68,0
DA:69,0
DA:71,0
DA:72,0
DA:73,0
DA:74,0
DA:77,0
DA:78,0
DA:80,0
DA:81,0
DA:82,0
DA:83,0
DA:84,0
DA:85,0
DA:90,0
DA:93,0
DA:96,0
DA:97,0
DA:98,0
DA:99,0
DA:101,0
DA:102,0
DA:104,0
DA:108,0
DA:110,0
DA:113,0
DA:114,0
DA:115,0
DA:117,0
DA:118,0
DA:121,0
DA:125,0
DA:126,0
DA:128,0
DA:129,0
DA:131,0
DA:132,0
DA:135,0
DA:137,0
DA:138,0
DA:139,0
DA:140,0
DA:141,0
DA:142,0
DA:143,0
DA:144,0
DA:146,0
DA:147,0
DA:148,0
DA:149,0
DA:151,0
DA:152,0
DA:154,0
DA:157,0
DA:159,0
DA:160,0
DA:161,0
DA:162,0
DA:163,0
DA:164,0
DA:165,0
DA:166,0
DA:168,0
DA:171,0
DA:173,0
DA:174,0
DA:175,0
DA:176,0
DA:177,0
DA:179,0
DA:181,0
DA:182,0
DA:184,0
DA:185,0
DA:187,0
DA:188,0
DA:190,0
DA:191,0
DA:193,0
DA:194,0
DA:196,0
DA:197,0
DA:199,0
DA:201,0
DA:203,0
DA:212,0
DA:213,0
DA:214,0
DA:215,0
DA:217,0
DA:218,0
DA:219,0
DA:220,0
DA:221,0
DA:222,0
DA:223,0
DA:227,0
DA:230,0
DA:242,0
DA:243,0
DA:246,0
DA:249,0
DA:250,0
DA:251,0
DA:252,0
DA:256,0
DA:257,0
DA:258,0
DA:259,0
DA:261,0
DA:265,0
DA:266,0
DA:267,0
DA:268,0
DA:269,0
DA:272,0
DA:276,0
DA:277,0
DA:279,0
DA:283,0
DA:284,0
DA:286,0
DA:287,0
DA:288,0
DA:289,0
DA:292,0
DA:293,0
DA:296,0
DA:298,0
DA:305,0
DA:306,0
DA:318,0
DA:319,0
LF:154
LH:0
BRDA:16,0,0,0
BRDA:25,1,0,0
BRDA:25,1,1,0
BRDA:47,2,0,0
BRDA:65,3,0,0
BRDA:66,4,0,0
BRDA:81,5,0,0
BRDA:146,6,0,0
BRDA:175,7,0,0
BRDA:175,8,0,0
BRDA:175,8,1,0
BRDA:179,9,0,0
BRDA:179,9,1,0
BRDA:179,9,2,0
BRDA:179,9,3,0
BRDA:179,9,4,0
BRDA:179,9,5,0
BRDA:179,9,6,0
BRDA:201,10,0,0
BRDA:212,11,0,0
BRDA:212,12,0,0
BRDA:212,12,1,0
BRDA:214,13,0,0
BRDA:214,13,1,0
BRDA:215,14,0,0
BRDA:215,14,1,0
BRDA:220,15,0,0
BRDA:242,16,0,0
BRDA:242,17,0,0
BRDA:242,17,1,0
BRDA:250,18,0,0
BRDA:256,19,0,0
BRDA:256,20,0,0
BRDA:256,20,1,0
BRDA:257,21,0,0
BRDA:257,22,0,0
BRDA:257,22,1,0
BRDA:257,22,2,0
BRDA:257,22,3,0
BRDA:267,23,0,0
BRDA:276,24,0,0
BRDA:284,25,0,0
BRDA:286,26,0,0
BRDA:286,26,1,0
BRDA:287,27,0,0
BRDA:287,27,1,0
BRDA:293,28,0,0
BRDA:293,28,1,0
BRDA:296,29,0,0
BRDA:296,29,1,0
BRDA:305,30,0,0
BRF:51
BRH:0
end_of_record
TN:
SF:js/core/storage.ts
FN:23,(anonymous_0)
FN:38,(anonymous_1)
FN:59,(anonymous_2)
FN:67,(anonymous_3)
FN:82,(anonymous_4)
FN:89,(anonymous_5)
FN:138,(anonymous_6)
FN:169,(anonymous_7)
FN:205,(anonymous_8)
FN:232,(anonymous_9)
FN:260,(anonymous_10)
FN:289,(anonymous_11)
FN:317,(anonymous_12)
FN:342,(anonymous_13)
FN:358,(anonymous_14)
FN:383,(anonymous_15)
FN:390,(anonymous_16)
FNF:17
FNH:0
FNDA:0,(anonymous_0)
FNDA:0,(anonymous_1)
FNDA:0,(anonymous_2)
FNDA:0,(anonymous_3)
FNDA:0,(anonymous_4)
FNDA:0,(anonymous_5)
FNDA:0,(anonymous_6)
FNDA:0,(anonymous_7)
FNDA:0,(anonymous_8)
FNDA:0,(anonymous_9)
FNDA:0,(anonymous_10)
FNDA:0,(anonymous_11)
FNDA:0,(anonymous_12)
FNDA:0,(anonymous_13)
FNDA:0,(anonymous_14)
FNDA:0,(anonymous_15)
FNDA:0,(anonymous_16)
DA:23,0
DA:25,0
DA:27,0
DA:29,0
DA:31,0
DA:37,0
DA:39,0
DA:41,0
DA:43,0
DA:44,0
DA:51,0
DA:53,0
DA:60,0
DA:61,0
DA:68,0
DA:69,0
DA:70,0
DA:71,0
DA:72,0
DA:74,0
DA:75,0
DA:83,0
DA:90,0
DA:92,0
DA:93,0
DA:96,0
DA:97,0
DA:98,0
DA:104,0
DA:105,0
DA:113,0
DA:114,0
DA:121,0
DA:139,0
DA:140,0
DA:146,0
DA:147,0
DA:148,0
DA:150,0
DA:152,0
DA:154,0
DA:170,0
DA:171,0
DA:177,0
DA:178,0
DA:184,0
DA:185,0
DA:186,0
DA:188,0
DA:190,0
DA:206,0
DA:207,0
DA:208,0
DA:210,0
DA:211,0
DA:213,0
DA:233,0
DA:235,0
DA:236,0
DA:239,0
DA:240,0
DA:242,0
DA:261,0
DA:262,0
DA:268,0
DA:269,0
DA:270,0
DA:272,0
DA:274,0
DA:290,0
DA:291,0
DA:292,0
DA:294,0
DA:295,0
DA:296,0
DA:298,0
DA:302,0
DA:303,0
DA:305,0
DA:318,0
DA:319,0
DA:321,0
DA:322,0
DA:325,0
DA:327,0
DA:343,0
DA:344,0
DA:359,0
DA:360,0
DA:361,0
DA:363,0
DA:364,0
DA:365,0
DA:366,0
DA:370,0
DA:375,0
DA:376,0
DA:384,0
DA:391,0
DA:396,0
DA:398,0
LF:101
LH:0
BRDA:23,0,0,0
BRDA:23,0,1,0
BRDA:59,1,0,0
BRDA:90,2,0,0
BRDA:90,2,1,0
BRDA:92,3,0,0
BRDA:96,4,0,0
BRDA:97,5,0,0
BRDA:104,6,0,0
BRDA:113,7,0,0
BRDA:139,8,0,0
BRDA:139,9,0,0
BRDA:139,9,1,0
BRDA:150,10,0,0
BRDA:150,10,1,0
BRDA:170,11,0,0
BRDA:170,12,0,0
BRDA:170,12,1,0
BRDA:177,13,0,0
BRDA:210,14,0,0
BRDA:210,15,0,0
BRDA:210,15,1,0
BRDA:216,16,0,0
BRDA:216,16,1,0
BRDA:235,17,0,0
BRDA:245,18,0,0
BRDA:245,18,1,0
BRDA:261,19,0,0
BRDA:261,20,0,0
BRDA:261,20,1,0
BRDA:296,21,0,0
BRDA:296,22,0,0
BRDA:296,22,1,0
BRDA:365,23,0,0
BRF:34
BRH:0
end_of_record
TN:
SF:js/core/store.ts
FN:82,getEventId
FN:91,getEventTime
FN:116,isAcceptable
FN:127,computeFiltered
FN:159,(anonymous_4)
FN:167,(anonymous_5)
FN:179,(anonymous_6)
FN:191,(anonymous_7)
FN:216,(anonymous_8)
FN:224,(anonymous_9)
FN:234,(anonymous_10)
FN:250,(anonymous_11)
FN:270,(anonymous_12)
FN:275,(anonymous_13)
FN:280,(anonymous_14)
FN:283,(anonymous_15)
FN:289,(anonymous_16)
FN:306,(anonymous_17)
FN:321,(anonymous_18)
FN:338,(anonymous_19)
FNF:20
FNH:11
FNDA:5111,getEventId
FNDA:10212,getEventTime
FNDA:10209,isAcceptable
FNDA:0,computeFiltered
FNDA:1,(anonymous_4)
FNDA:0,(anonymous_5)
FNDA:4,(anonymous_6)
FNDA:4,(anonymous_7)
FNDA:3,(anonymous_8)
FNDA:2,(anonymous_9)
FNDA:2,(anonymous_10)
FNDA:5099,(anonymous_11)
FNDA:1,(anonymous_12)
FNDA:0,(anonymous_13)
FNDA:0,(anonymous_14)
FNDA:0,(anonymous_15)
FNDA:0,(anonymous_16)
FNDA:0,(anonymous_17)
FNDA:0,(anonymous_18)
FNDA:0,(anonymous_19)
DA:14,1
DA:18,1
DA:20,1
DA:26,1
DA:30,1
DA:82,1
DA:83,5111
DA:84,5111
DA:86,5110
DA:87,5110
DA:91,1
DA:92,10212
DA:93,10212
DA:94,10212
DA:95,10212
DA:99,10212
DA:100,10212
DA:102,10212
DA:103,10212
DA:104,2
DA:106,10212
DA:108,10212
DA:109,10212
DA:117,10209
DA:118,10209
DA:119,10209
DA:120,10209
DA:124,1
DA:128,0
DA:131,0
DA:132,0
DA:135,0
DA:136,0
DA:137,0
DA:139,0
DA:140,0
DA:143,0
DA:145,0
DA:146,0
DA:147,0
DA:148,0
DA:149,0
DA:151,0
DA:154,0
DA:155,0
DA:156,0
DA:159,1
DA:168,0
DA:169,0
DA:170,0
DA:171,0
DA:172,0
DA:174,0
DA:175,0
DA:180,4
DA:181,4
DA:182,4
DA:183,4
DA:184,4
DA:185,4
DA:186,4
DA:187,4
DA:192,4
DA:193,3
DA:194,3
DA:195,3
DA:196,3
DA:197,3
DA:198,5104
DA:199,5104
DA:200,5103
DA:201,5103
DA:202,5103
DA:203,0
DA:204,0
DA:206,5103
DA:208,3
DA:209,3
DA:211,3
DA:212,3
DA:217,3
DA:218,3
DA:219,1
DA:220,1
DA:225,2
DA:226,2
DA:227,2
DA:228,1
DA:229,2
DA:230,2
DA:235,2
DA:236,2
DA:237,2
DA:238,2
DA:239,5101
DA:240,0
DA:247,2
DA:248,2
DA:249,1
DA:250,1
DA:251,5099
DA:252,5099
DA:253,5099
DA:255,1
DA:256,600
DA:257,600
DA:259,1
DA:262,2
DA:263,1
DA:264,1
DA:266,2
DA:271,1
DA:276,0
DA:280,0
DA:283,0
DA:290,0
DA:291,0
DA:292,0
DA:293,0
DA:295,0
DA:307,0
DA:308,0
DA:309,0
DA:310,0
DA:311,0
DA:312,0
DA:314,0
DA:322,0
DA:323,0
DA:324,0
DA:325,0
DA:326,0
DA:327,0
DA:329,0
DA:330,0
DA:332,0
DA:338,1
DA:339,0
DA:340,0
DA:341,0
DA:345,1
DA:347,1
LF:142
LH:87
BRDA:84,0,0,1
BRDA:86,1,0,5110
BRDA:86,1,1,1
BRDA:86,1,2,0
BRDA:86,1,3,0
BRDA:86,1,4,0
BRDA:86,1,5,0
BRDA:93,2,0,0
BRDA:94,3,0,10212
BRDA:94,3,1,0
BRDA:94,3,2,0
BRDA:95,4,0,0
BRDA:100,5,0,10212
BRDA:103,6,0,2
BRDA:109,7,0,1
BRDA:109,7,1,10211
BRDA:118,8,0,0
BRDA:120,9,0,10209
BRDA:120,9,1,10208
BRDA:131,10,0,0
BRDA:131,11,0,0
BRDA:131,11,1,0
BRDA:140,12,0,0
BRDA:140,12,1,0
BRDA:140,12,2,0
BRDA:143,13,0,0
BRDA:146,14,0,0
BRDA:148,15,0,0
BRDA:149,16,0,0
BRDA:171,17,0,0
BRDA:171,18,0,0
BRDA:171,18,1,0
BRDA:181,19,0,0
BRDA:181,20,0,4
BRDA:181,20,1,4
BRDA:192,21,0,1
BRDA:192,22,0,4
BRDA:192,22,1,4
BRDA:199,23,0,1
BRDA:199,24,0,5104
BRDA:199,24,1,5104
BRDA:200,25,0,5103
BRDA:200,25,1,0
BRDA:203,26,0,0
BRDA:208,27,0,3
BRDA:218,28,0,2
BRDA:227,29,0,1
BRDA:227,29,1,1
BRDA:239,30,0,5101
BRDA:239,30,1,0
BRDA:248,31,0,1
BRDA:251,32,0,5099
BRDA:251,32,1,0
BRDA:252,33,0,5099
BRDA:252,33,1,0
BRDA:255,34,0,601
BRDA:255,34,1,600
BRDA:262,35,0,1
BRDA:293,36,0,0
BRDA:293,37,0,0
BRDA:293,37,1,0
BRDA:293,37,2,0
BRDA:295,38,0,0
BRDA:295,38,1,0
BRDA:310,39,0,0
BRDA:311,40,0,0
BRDA:311,40,1,0
BRDA:312,41,0,0
BRDA:312,42,0,0
BRDA:312,42,1,0
BRDA:312,42,2,0
BRDA:325,43,0,0
BRDA:326,44,0,0
BRDA:326,44,1,0
BRDA:327,45,0,0
BRDA:327,46,0,0
BRDA:327,46,1,0
BRDA:327,46,2,0
BRDA:329,47,0,0
BRF:79
BRH:30
end_of_record
TN:
SF:js/core/token-manager.ts
FN:11,(anonymous_0)
FN:21,decodeToken
FN:28,(anonymous_2)
FN:43,isTokenExpired
FN:56,getTokenExpiration
FN:66,getAccessToken
FN:73,getRefreshToken
FN:80,storeTokens
FN:90,clearTokens
FN:99,refreshAccessToken
FN:142,scheduleRefresh
FN:169,(anonymous_11)
FN:185,init
FN:214,getValidToken
FN:234,destroy
FNF:15
FNH:0
FNDA:0,(anonymous_0)
FNDA:0,decodeToken
FNDA:0,(anonymous_2)
FNDA:0,isTokenExpired
FNDA:0,getTokenExpiration
FNDA:0,getAccessToken
FNDA:0,getRefreshToken
FNDA:0,storeTokens
FNDA:0,clearTokens
FNDA:0,refreshAccessToken
FNDA:0,scheduleRefresh
FNDA:0,(anonymous_11)
FNDA:0,init
FNDA:0,getValidToken
FNDA:0,destroy
DA:11,0
DA:15,0
DA:16,0
DA:22,0
DA:23,0
DA:24,0
DA:26,0
DA:27,0
DA:29,0
DA:33,0
DA:35,0
DA:36,0
DA:44,0
DA:45,0
DA:47,0
DA:48,0
DA:50,0
DA:57,0
DA:58,0
DA:60,0
DA:67,0
DA:74,0
DA:81,0
DA:82,0
DA:83,0
DA:91,0
DA:92,0
DA:93,0
DA:100,0
DA:102,0
DA:103,0
DA:104,0
DA:107,0
DA:108,0
DA:110,0
DA:116,0
DA:117,0
DA:118,0
DA:121,0
DA:123,0
DA:124,0
DA:126,0
DA:127,0
DA:130,0
DA:133,0
DA:134,0
DA:135,0
DA:143,0
DA:145,0
DA:146,0
DA:147,0
DA:150,0
DA:151,0
DA:152,0
DA:153,0
DA:156,0
DA:157,0
DA:158,0
DA:159,0
DA:161,0
DA:164,0
DA:165,0
DA:169,0
DA:170,0
DA:171,0
DA:173,0
DA:175,0
DA:177,0
DA:186,0
DA:188,0
DA:189,0
DA:190,0
DA:194,0
DA:195,0
DA:196,0
DA:198,0
DA:199,0
DA:200,0
DA:205,0
DA:207,0
DA:208,0
DA:215,0
DA:217,0
DA:218,0
DA:219,0
DA:223,0
DA:224,0
DA:225,0
DA:228,0
DA:235,0
DA:236,0
DA:237,0
DA:239,0
DA:243,0
DA:257,0
LF:95
LH:0
BRDA:24,0,0,0
BRDA:43,1,0,0
BRDA:45,2,0,0
BRDA:45,3,0,0
BRDA:45,3,1,0
BRDA:58,4,0,0
BRDA:58,5,0,0
BRDA:58,5,1,0
BRDA:82,6,0,0
BRDA:102,7,0,0
BRDA:116,8,0,0
BRDA:118,9,0,0
BRDA:118,9,1,0
BRDA:123,10,0,0
BRDA:126,11,0,0
BRDA:126,11,1,0
BRDA:145,12,0,0
BRDA:151,13,0,0
BRDA:151,14,0,0
BRDA:151,14,1,0
BRDA:164,15,0,0
BRDA:173,16,0,0
BRDA:173,16,1,0
BRDA:188,17,0,0
BRDA:194,18,0,0
BRDA:198,19,0,0
BRDA:217,20,0,0
BRDA:223,21,0,0
BRDA:235,22,0,0
BRF:29
BRH:0
end_of_record
TN:
SF:js/core/ui.ts
FN:25,hideMaplibreLabels
FN:30,(anonymous_1)
FN:31,(anonymous_2)
FN:39,_applyDarkTheme
FN:46,(anonymous_4)
FN:47,(anonymous_5)
FN:53,(anonymous_6)
FN:89,_applyThemeToGLMap
FN:90,(anonymous_8)
FN:100,(anonymous_9)
FN:158,(anonymous_10)
FN:189,(anonymous_11)
FN:211,(anonymous_12)
FN:233,(anonymous_13)
FN:262,(anonymous_14)
FN:284,(anonymous_15)
FN:302,_addRasterFallback
FN:313,initializeMapLayers
FN:320,(anonymous_18)
FN:338,(anonymous_19)
FN:350,initializeControls
FN:363,setPanel
FN:366,(anonymous_22)
FN:371,(anonymous_23)
FN:379,(anonymous_24)
FN:386,(anonymous_25)
FN:403,(anonymous_26)
FN:404,(anonymous_27)
FN:412,(anonymous_28)
FN:418,(anonymous_29)
FN:438,(anonymous_30)
FN:444,(anonymous_31)
FN:455,(anonymous_32)
FN:462,(anonymous_33)
FN:470,(anonymous_34)
FN:479,initializeInteractionControls
FN:485,(anonymous_36)
FN:490,(anonymous_37)
FN:495,(anonymous_38)
FN:500,(anonymous_39)
FN:509,toggleDayNightMode
FN:525,addQuestionOverlay
FN:539,(anonymous_42)
FN:548,initializeAdSquares
FN:589,featureId
FN:597,removeRenderedEvent
FN:611,addRenderedEvent
FN:666,(anonymous_47)
FN:718,(anonymous_48)
FN:721,(anonymous_49)
FNF:50
FNH:0
FNDA:0,hideMaplibreLabels
FNDA:0,(anonymous_1)
FNDA:0,(anonymous_2)
FNDA:0,_applyDarkTheme
FNDA:0,(anonymous_4)
FNDA:0,(anonymous_5)
FNDA:0,(anonymous_6)
FNDA:0,_applyThemeToGLMap
FNDA:0,(anonymous_8)
FNDA:0,(anonymous_9)
FNDA:0,(anonymous_10)
FNDA:0,(anonymous_11)
FNDA:0,(anonymous_12)
FNDA:0,(anonymous_13)
FNDA:0,(anonymous_14)
FNDA:0,(anonymous_15)
FNDA:0,_addRasterFallback
FNDA:0,initializeMapLayers
FNDA:0,(anonymous_18)
FNDA:0,(anonymous_19)
FNDA:0,initializeControls
FNDA:0,setPanel
FNDA:0,(anonymous_22)
FNDA:0,(anonymous_23)
FNDA:0,(anonymous_24)
FNDA:0,(anonymous_25)
FNDA:0,(anonymous_26)
FNDA:0,(anonymous_27)
FNDA:0,(anonymous_28)
FNDA:0,(anonymous_29)
FNDA:0,(anonymous_30)
FNDA:0,(anonymous_31)
FNDA:0,(anonymous_32)
FNDA:0,(anonymous_33)
FNDA:0,(anonymous_34)
FNDA:0,initializeInteractionControls
FNDA:0,(anonymous_36)
FNDA:0,(anonymous_37)
FNDA:0,(anonymous_38)
FNDA:0,(anonymous_39)
FNDA:0,toggleDayNightMode
FNDA:0,addQuestionOverlay
FNDA:0,(anonymous_42)
FNDA:0,initializeAdSquares
FNDA:0,featureId
FNDA:0,removeRenderedEvent
FNDA:0,addRenderedEvent
FNDA:0,(anonymous_47)
FNDA:0,(anonymous_48)
FNDA:0,(anonymous_49)
DA:9,0
DA:26,0
DA:27,0
DA:28,0
DA:29,0
DA:30,0
DA:32,0
DA:33,0
DA:40,0
DA:41,0
DA:42,0
DA:43,0
DA:45,0
DA:46,0
DA:48,0
DA:49,0
DA:53,0
DA:54,0
DA:55,0
DA:56,0
DA:57,0
DA:58,0
DA:59,0
DA:60,0
DA:61,0
DA:62,0
DA:63,0
DA:64,0
DA:65,0
DA:67,0
DA:69,0
DA:70,0
DA:71,0
DA:72,0
DA:73,0
DA:74,0
DA:75,0
DA:76,0
DA:77,0
DA:90,0
DA:91,0
DA:92,0
DA:94,0
DA:97,0
DA:98,0
DA:100,0
DA:120,0
DA:144,0
DA:145,0
DA:148,0
DA:150,0
DA:153,0
DA:154,0
DA:158,0
DA:159,0
DA:160,0
DA:163,0
DA:164,0
DA:165,0
DA:166,0
DA:170,0
DA:171,0
DA:172,0
DA:175,0
DA:176,0
DA:177,0
DA:181,0
DA:182,0
DA:183,0
DA:184,0
DA:185,0
DA:186,0
DA:187,0
DA:189,0
DA:190,0
DA:191,0
DA:192,0
DA:193,0
DA:194,0
DA:195,0
DA:196,0
DA:198,0
DA:199,0
DA:203,0
DA:204,0
DA:205,0
DA:206,0
DA:207,0
DA:208,0
DA:209,0
DA:211,0
DA:214,0
DA:215,0
DA:216,0
DA:217,0
DA:220,0
DA:223,0
DA:224,0
DA:229,0
DA:233,0
DA:235,0
DA:246,0
DA:247,0
DA:248,0
DA:249,0
DA:250,0
DA:251,0
DA:252,0
DA:259,0
DA:260,0
DA:262,0
DA:263,0
DA:264,0
DA:265,0
DA:266,0
DA:267,0
DA:269,0
DA:270,0
DA:271,0
DA:273,0
DA:274,0
DA:277,0
DA:278,0
DA:279,0
DA:280,0
DA:281,0
DA:282,0
DA:284,0
DA:287,0
DA:288,0
DA:291,0
DA:293,0
DA:294,0
DA:295,0
DA:296,0
DA:298,0
DA:303,0
DA:304,0
DA:309,0
DA:314,0
DA:321,0
DA:322,0
DA:329,0
DA:330,0
DA:332,0
DA:333,0
DA:334,0
DA:338,0
DA:339,0
DA:340,0
DA:341,0
DA:342,0
DA:343,0
DA:351,0
DA:352,0
DA:353,0
DA:355,0
DA:356,0
DA:358,0
DA:359,0
DA:360,0
DA:361,0
DA:364,0
DA:365,0
DA:366,0
DA:367,0
DA:371,0
DA:372,0
DA:373,0
DA:374,0
DA:375,0
DA:376,0
DA:379,0
DA:380,0
DA:381,0
DA:382,0
DA:383,0
DA:386,0
DA:387,0
DA:388,0
DA:390,0
DA:391,0
DA:392,0
DA:393,0
DA:395,0
DA:398,0
DA:399,0
DA:403,0
DA:404,0
DA:407,0
DA:410,0
DA:411,0
DA:412,0
DA:413,0
DA:414,0
DA:416,0
DA:417,0
DA:418,0
DA:419,0
DA:420,0
DA:423,0
DA:426,0
DA:428,0
DA:429,0
DA:434,0
DA:435,0
DA:436,0
DA:437,0
DA:438,0
DA:439,0
DA:440,0
DA:444,0
DA:445,0
DA:446,0
DA:447,0
DA:448,0
DA:453,0
DA:454,0
DA:455,0
DA:456,0
DA:457,0
DA:459,0
DA:460,0
DA:462,0
DA:463,0
DA:465,0
DA:468,0
DA:469,0
DA:470,0
DA:471,0
DA:475,0
DA:480,0
DA:481,0
DA:482,0
DA:483,0
DA:485,0
DA:486,0
DA:487,0
DA:490,0
DA:491,0
DA:492,0
DA:495,0
DA:496,0
DA:497,0
DA:500,0
DA:501,0
DA:502,0
DA:507,0
DA:510,0
DA:512,0
DA:513,0
DA:514,0
DA:515,0
DA:517,0
DA:518,0
DA:519,0
DA:520,0
DA:526,0
DA:531,0
DA:533,0
DA:539,0
DA:540,0
DA:543,0
DA:549,0
DA:551,0
DA:552,0
DA:553,0
DA:554,0
DA:556,0
DA:558,0
DA:559,0
DA:561,0
DA:568,0
DA:570,0
DA:571,0
DA:573,0
DA:586,0
DA:590,0
DA:591,0
DA:592,0
DA:593,0
DA:598,0
DA:599,0
DA:600,0
DA:601,0
DA:602,0
DA:607,0
DA:612,0
DA:614,0
DA:615,0
DA:616,0
DA:618,0
DA:619,0
DA:621,0
DA:622,0
DA:624,0
DA:625,0
DA:627,0
DA:628,0
DA:630,0
DA:631,0
DA:633,0
DA:634,0
DA:638,0
DA:639,0
DA:641,0
DA:642,0
DA:645,0
DA:646,0
DA:647,0
DA:650,0
DA:651,0
DA:655,0
DA:658,0
DA:659,0
DA:662,0
DA:666,0
DA:667,0
DA:668,0
DA:669,0
DA:670,0
DA:672,0
DA:673,0
DA:674,0
DA:677,0
DA:678,0
DA:680,0
DA:681,0
DA:682,0
DA:684,0
DA:685,0
DA:686,0
DA:687,0
DA:689,0
DA:691,0
DA:692,0
DA:693,0
DA:695,0
DA:696,0
DA:697,0
DA:699,0
DA:701,0
DA:704,0
DA:705,0
DA:706,0
DA:707,0
DA:708,0
DA:712,0
DA:713,0
DA:718,0
DA:719,0
DA:721,0
DA:722,0
LF:353
LH:0
BRDA:28,0,0,0
BRDA:28,1,0,0
BRDA:28,1,1,0
BRDA:42,2,0,0
BRDA:42,3,0,0
BRDA:42,3,1,0
BRDA:54,4,0,0
BRDA:54,4,1,0
BRDA:55,5,0,0
BRDA:55,5,1,0
BRDA:57,6,0,0
BRDA:57,6,1,0
BRDA:59,7,0,0
BRDA:59,7,1,0
BRDA:60,8,0,0
BRDA:60,8,1,0
BRDA:60,9,0,0
BRDA:60,9,1,0
BRDA:60,9,2,0
BRDA:63,10,0,0
BRDA:63,10,1,0
BRDA:63,11,0,0
BRDA:63,11,1,0
BRDA:69,12,0,0
BRDA:70,13,0,0
BRDA:70,13,1,0
BRDA:70,14,0,0
BRDA:70,14,1,0
BRDA:72,15,0,0
BRDA:72,15,1,0
BRDA:72,16,0,0
BRDA:72,16,1,0
BRDA:72,16,2,0
BRDA:74,17,0,0
BRDA:74,17,1,0
BRDA:74,18,0,0
BRDA:74,18,1,0
BRDA:76,19,0,0
BRDA:76,20,0,0
BRDA:76,20,1,0
BRDA:76,20,2,0
BRDA:91,21,0,0
BRDA:91,21,1,0
BRDA:97,22,0,0
BRDA:97,22,1,0
BRDA:159,23,0,0
BRDA:159,24,0,0
BRDA:159,24,1,0
BRDA:164,25,0,0
BRDA:170,26,0,0
BRDA:175,27,0,0
BRDA:182,28,0,0
BRDA:182,28,1,0
BRDA:183,29,0,0
BRDA:183,29,1,0
BRDA:187,30,0,0
BRDA:196,31,0,0
BRDA:203,32,0,0
BRDA:203,32,1,0
BRDA:208,33,0,0
BRDA:208,33,1,0
BRDA:248,34,0,0
BRDA:248,34,1,0
BRDA:248,35,0,0
BRDA:248,35,1,0
BRDA:250,36,0,0
BRDA:260,37,0,0
BRDA:260,37,1,0
BRDA:270,38,0,0
BRDA:277,39,0,0
BRDA:277,39,1,0
BRDA:281,40,0,0
BRDA:281,40,1,0
BRDA:303,41,0,0
BRDA:340,42,0,0
BRDA:341,43,0,0
BRDA:341,43,1,0
BRDA:342,44,0,0
BRDA:355,45,0,0
BRDA:355,46,0,0
BRDA:355,46,1,0
BRDA:363,47,0,0
BRDA:372,48,0,0
BRDA:380,49,0,0
BRDA:387,50,0,0
BRDA:390,51,0,0
BRDA:390,51,1,0
BRDA:391,52,0,0
BRDA:391,52,1,0
BRDA:391,53,0,0
BRDA:391,53,1,0
BRDA:392,54,0,0
BRDA:392,54,1,0
BRDA:392,55,0,0
BRDA:392,55,1,0
BRDA:411,56,0,0
BRDA:414,57,0,0
BRDA:417,58,0,0
BRDA:417,58,1,0
BRDA:423,59,0,0
BRDA:423,59,1,0
BRDA:423,60,0,0
BRDA:423,60,1,0
BRDA:425,61,0,0
BRDA:425,61,1,0
BRDA:428,62,0,0
BRDA:429,63,0,0
BRDA:429,63,1,0
BRDA:435,64,0,0
BRDA:437,65,0,0
BRDA:440,66,0,0
BRDA:440,66,1,0
BRDA:446,67,0,0
BRDA:446,68,0,0
BRDA:446,68,1,0
BRDA:448,69,0,0
BRDA:448,69,1,0
BRDA:454,70,0,0
BRDA:457,71,0,0
BRDA:460,72,0,0
BRDA:460,72,1,0
BRDA:469,73,0,0
BRDA:510,74,0,0
BRDA:510,74,1,0
BRDA:510,75,0,0
BRDA:510,75,1,0
BRDA:513,76,0,0
BRDA:513,76,1,0
BRDA:518,77,0,0
BRDA:518,77,1,0
BRDA:558,78,0,0
BRDA:558,78,1,0
BRDA:590,79,0,0
BRDA:590,79,1,0
BRDA:591,80,0,0
BRDA:592,81,0,0
BRDA:599,82,0,0
BRDA:612,83,0,0
BRDA:616,84,0,0
BRDA:616,84,1,0
BRDA:616,84,2,0
BRDA:616,84,3,0
BRDA:616,84,4,0
BRDA:616,84,5,0
BRDA:616,84,6,0
BRDA:616,84,7,0
BRDA:647,85,0,0
BRDA:650,86,0,0
BRDA:650,86,1,0
BRDA:651,87,0,0
BRDA:651,87,1,0
BRDA:668,88,0,0
BRDA:672,89,0,0
BRDA:672,90,0,0
BRDA:672,90,1,0
BRDA:672,90,2,0
BRDA:678,91,0,0
BRDA:678,91,1,0
BRDA:678,92,0,0
BRDA:678,92,1,0
BRDA:687,93,0,0
BRDA:692,94,0,0
BRDA:692,95,0,0
BRDA:692,95,1,0
BRDA:695,96,0,0
BRDA:695,96,1,0
BRDA:706,97,0,0
BRDA:712,98,0,0
BRDA:712,99,0,0
BRDA:712,99,1,0
BRDA:712,99,2,0
BRF:171
BRH:0
end_of_record
TN:
SF:js/core/vector-data.ts
FN:18,loadVectorData
FN:22,(anonymous_2)
FN:60,getTileIndex
FNF:3
FNH:0
FNDA:0,loadVectorData
FNDA:0,(anonymous_2)
FNDA:0,getTileIndex
DA:8,0
DA:10,0
DA:11,0
DA:12,0
DA:13,0
DA:15,0
DA:16,0
DA:18,0
DA:19,0
DA:20,0
DA:22,0
DA:23,0
DA:25,0
DA:26,0
DA:28,0
DA:32,0
DA:33,0
DA:34,0
DA:37,0
DA:40,0
DA:42,0
DA:48,0
DA:50,0
DA:54,0
DA:57,0
DA:60,0
DA:61,0
LF:27
LH:0
BRDA:19,0,0,0
BRDA:20,1,0,0
BRDA:26,2,0,0
BRDA:32,3,0,0
BRDA:32,3,1,0
BRF:5
BRH:0
end_of_record
TN:
SF:js/core/vector-layer.ts
FN:46,setVectorTheme
FN:53,createVectorLayer
FN:63,(anonymous_2)
FN:76,(anonymous_3)
FN:80,(anonymous_4)
FN:100,(anonymous_5)
FN:123,(anonymous_6)
FN:145,(anonymous_7)
FN:165,(anonymous_8)
FNF:9
FNH:0
FNDA:0,setVectorTheme
FNDA:0,createVectorLayer
FNDA:0,(anonymous_2)
FNDA:0,(anonymous_3)
FNDA:0,(anonymous_4)
FNDA:0,(anonymous_5)
FNDA:0,(anonymous_6)
FNDA:0,(anonymous_7)
FNDA:0,(anonymous_8)
DA:11,0
DA:12,0
DA:15,0
DA:26,0
DA:37,0
DA:39,0
DA:40,0
DA:43,0
DA:46,0
DA:47,0
DA:48,0
DA:49,0
DA:53,0
DA:54,0
DA:64,0
DA:65,0
DA:66,0
DA:68,0
DA:69,0
DA:71,0
DA:72,0
DA:76,0
DA:77,0
DA:81,0
DA:84,0
DA:85,0
DA:86,0
DA:87,0
DA:88,0
DA:89,0
DA:90,0
DA:91,0
DA:96,0
DA:99,0
DA:100,0
DA:102,0
DA:105,0
DA:107,0
DA:108,0
DA:109,0
DA:112,0
DA:114,0
DA:115,0
DA:116,0
DA:117,0
DA:124,0
DA:125,0
DA:126,0
DA:127,0
DA:128,0
DA:129,0
DA:130,0
DA:131,0
DA:133,0
DA:134,0
DA:136,0
DA:137,0
DA:138,0
DA:139,0
DA:140,0
DA:142,0
DA:146,0
DA:147,0
DA:148,0
DA:149,0
DA:150,0
DA:151,0
DA:152,0
DA:153,0
DA:154,0
DA:155,0
DA:156,0
DA:157,0
DA:159,0
DA:161,0
DA:162,0
DA:166,0
DA:167,0
DA:168,0
DA:169,0
DA:170,0
DA:171,0
DA:172,0
DA:173,0
DA:178,0
DA:179,0
DA:180,0
LF:87
LH:0
BRDA:47,0,0,0
BRDA:47,0,1,0
BRDA:48,1,0,0
BRDA:48,2,0,0
BRDA:48,2,1,0
BRDA:71,3,0,0
BRDA:71,4,0,0
BRDA:71,4,1,0
BRDA:71,4,2,0
BRDA:87,5,0,0
BRDA:87,5,1,0
BRDA:88,6,0,0
BRDA:88,6,1,0
BRDA:89,7,0,0
BRDA:89,7,1,0
BRDA:90,8,0,0
BRDA:91,9,0,0
BRDA:91,9,1,0
BRDA:99,10,0,0
BRDA:99,10,1,0
BRDA:100,11,0,0
BRDA:100,11,1,0
BRDA:102,12,0,0
BRDA:102,12,1,0
BRDA:105,13,0,0
BRDA:108,14,0,0
BRDA:108,14,1,0
BRDA:108,15,0,0
BRDA:108,15,1,0
BRDA:109,16,0,0
BRDA:109,16,1,0
BRDA:112,17,0,0
BRDA:114,18,0,0
BRDA:114,18,1,0
BRDA:114,18,2,0
BRDA:124,19,0,0
BRDA:124,19,1,0
BRDA:125,20,0,0
BRDA:125,20,1,0
BRDA:131,21,0,0
BRDA:131,21,1,0
BRDA:136,22,0,0
BRDA:136,23,0,0
BRDA:136,23,1,0
BRDA:146,24,0,0
BRDA:146,24,1,0
BRDA:147,25,0,0
BRDA:147,25,1,0
BRDA:148,26,0,0
BRDA:148,26,1,0
BRDA:151,27,0,0
BRDA:151,27,1,0
BRDA:157,28,0,0
BRDA:157,28,1,0
BRDA:168,29,0,0
BRDA:168,29,1,0
BRDA:169,30,0,0
BRDA:169,30,1,0
BRDA:171,31,0,0
BRDA:171,31,1,0
BRF:60
BRH:0
end_of_record
TN:
SF:js/core/websocket.ts
FN:21,(anonymous_0)
FN:63,(anonymous_1)
FN:87,(anonymous_2)
FN:88,(anonymous_3)
FN:89,(anonymous_4)
FN:90,(anonymous_5)
FN:100,(anonymous_6)
FN:113,(anonymous_7)
FN:131,(anonymous_8)
FN:149,(anonymous_9)
FN:165,(anonymous_10)
FN:212,(anonymous_11)
FN:286,(anonymous_12)
FN:298,(anonymous_13)
FN:305,(anonymous_14)
FN:317,(anonymous_15)
FN:330,(anonymous_16)
FN:343,(anonymous_17)
FN:348,(anonymous_18)
FN:355,(anonymous_19)
FN:356,(anonymous_20)
FN:361,(anonymous_21)
FN:377,(anonymous_22)
FN:380,(anonymous_23)
FN:387,(anonymous_24)
FN:400,(anonymous_25)
FN:410,(anonymous_26)
FN:424,(anonymous_27)
FN:435,(anonymous_28)
FN:455,(anonymous_29)
FN:469,notifyNewEvent
FN:480,initializeWebSocket
FN:484,(anonymous_32)
FN:492,(anonymous_33)
FN:496,(anonymous_34)
FNF:35
FNH:0
FNDA:0,(anonymous_0)
FNDA:0,(anonymous_1)
FNDA:0,(anonymous_2)
FNDA:0,(anonymous_3)
FNDA:0,(anonymous_4)
FNDA:0,(anonymous_5)
FNDA:0,(anonymous_6)
FNDA:0,(anonymous_7)
FNDA:0,(anonymous_8)
FNDA:0,(anonymous_9)
FNDA:0,(anonymous_10)
FNDA:0,(anonymous_11)
FNDA:0,(anonymous_12)
FNDA:0,(anonymous_13)
FNDA:0,(anonymous_14)
FNDA:0,(anonymous_15)
FNDA:0,(anonymous_16)
FNDA:0,(anonymous_17)
FNDA:0,(anonymous_18)
FNDA:0,(anonymous_19)
FNDA:0,(anonymous_20)
FNDA:0,(anonymous_21)
FNDA:0,(anonymous_22)
FNDA:0,(anonymous_23)
FNDA:0,(anonymous_24)
FNDA:0,(anonymous_25)
FNDA:0,(anonymous_26)
FNDA:0,(anonymous_27)
FNDA:0,(anonymous_28)
FNDA:0,(anonymous_29)
FNDA:0,notifyNewEvent
FNDA:0,initializeWebSocket
FNDA:0,(anonymous_32)
FNDA:0,(anonymous_33)
FNDA:0,(anonymous_34)
DA:21,0
DA:22,0
DA:23,0
DA:25,0
DA:26,0
DA:27,0
DA:28,0
DA:33,0
DA:34,0
DA:37,0
DA:38,0
DA:39,0
DA:40,0
DA:41,0
DA:42,0
DA:45,0
DA:48,0
DA:51,0
DA:55,0
DA:56,0
DA:57,0
DA:58,0
DA:64,0
DA:65,0
DA:66,0
DA:67,0
DA:68,0
DA:71,0
DA:72,0
DA:74,0
DA:75,0
DA:76,0
DA:79,0
DA:80,0
DA:81,0
DA:82,0
DA:84,0
DA:85,0
DA:87,0
DA:88,0
DA:89,0
DA:90,0
DA:92,0
DA:93,0
DA:101,0
DA:102,0
DA:103,0
DA:104,0
DA:106,0
DA:107,0
DA:108,0
DA:114,0
DA:115,0
DA:120,0
DA:121,0
DA:122,0
DA:128,0
DA:129,0
DA:130,0
DA:131,0
DA:132,0
DA:137,0
DA:140,0
DA:150,0
DA:151,0
DA:152,0
DA:154,0
DA:155,0
DA:156,0
DA:157,0
DA:158,0
DA:159,0
DA:167,0
DA:168,0
DA:169,0
DA:170,0
DA:174,0
DA:178,0
DA:179,0
DA:180,0
DA:181,0
DA:185,0
DA:189,0
DA:190,0
DA:191,0
DA:192,0
DA:196,0
DA:200,0
DA:201,0
DA:214,0
DA:215,0
DA:217,0
DA:218,0
DA:224,0
DA:225,0
DA:226,0
DA:227,0
DA:231,0
DA:233,0
DA:235,0
DA:236,0
DA:237,0
DA:239,0
DA:242,0
DA:245,0
DA:249,0
DA:250,0
DA:253,0
DA:254,0
DA:255,0
DA:258,0
DA:259,0
DA:262,0
DA:263,0
DA:264,0
DA:271,0
DA:272,0
DA:273,0
DA:274,0
DA:276,0
DA:279,0
DA:287,0
DA:288,0
DA:289,0
DA:290,0
DA:292,0
DA:293,0
DA:299,0
DA:306,0
DA:308,0
DA:309,0
DA:314,0
DA:316,0
DA:317,0
DA:318,0
DA:319,0
DA:331,0
DA:332,0
DA:333,0
DA:334,0
DA:335,0
DA:336,0
DA:338,0
DA:339,0
DA:344,0
DA:345,0
DA:348,0
DA:349,0
DA:350,0
DA:355,0
DA:356,0
DA:359,0
DA:360,0
DA:361,0
DA:378,0
DA:380,0
DA:381,0
DA:383,0
DA:384,0
DA:387,0
DA:388,0
DA:389,0
DA:390,0
DA:391,0
DA:392,0
DA:401,0
DA:402,0
DA:403,0
DA:404,0
DA:406,0
DA:411,0
DA:412,0
DA:413,0
DA:415,0
DA:416,0
DA:417,0
DA:425,0
DA:426,0
DA:428,0
DA:436,0
DA:437,0
DA:438,0
DA:439,0
DA:440,0
DA:442,0
DA:443,0
DA:444,0
DA:446,0
DA:447,0
DA:448,0
DA:449,0
DA:450,0
DA:451,0
DA:456,0
DA:466,0
DA:470,0
DA:471,0
DA:472,0
DA:481,0
DA:484,0
DA:485,0
DA:486,0
DA:487,0
DA:492,0
DA:493,0
DA:496,0
DA:497,0
DA:498,0
DA:500,0
DA:503,0
DA:506,0
DA:508,0
LF:212
LH:0
BRDA:66,0,0,0
BRDA:66,1,0,0
BRDA:66,1,1,0
BRDA:74,2,0,0
BRDA:74,3,0,0
BRDA:74,3,1,0
BRDA:80,4,0,0
BRDA:80,4,1,0
BRDA:82,5,0,0
BRDA:82,5,1,0
BRDA:115,6,0,0
BRDA:115,6,1,0
BRDA:120,7,0,0
BRDA:120,7,1,0
BRDA:121,8,0,0
BRDA:121,8,1,0
BRDA:122,9,0,0
BRDA:122,9,1,0
BRDA:123,10,0,0
BRDA:123,10,1,0
BRDA:124,11,0,0
BRDA:124,11,1,0
BRDA:130,12,0,0
BRDA:150,13,0,0
BRDA:154,14,0,0
BRDA:168,15,0,0
BRDA:179,16,0,0
BRDA:190,17,0,0
BRDA:224,18,0,0
BRDA:226,19,0,0
BRDA:233,20,0,0
BRDA:233,20,1,0
BRDA:233,20,2,0
BRDA:233,20,3,0
BRDA:233,20,4,0
BRDA:233,20,5,0
BRDA:233,20,6,0
BRDA:236,21,0,0
BRDA:237,22,0,0
BRDA:237,22,1,0
BRDA:273,23,0,0
BRDA:292,24,0,0
BRDA:306,25,0,0
BRDA:331,26,0,0
BRDA:332,27,0,0
BRDA:332,28,0,0
BRDA:332,28,1,0
BRDA:334,29,0,0
BRDA:344,30,0,0
BRDA:349,31,0,0
BRDA:360,32,0,0
BRDA:360,33,0,0
BRDA:360,33,1,0
BRDA:381,34,0,0
BRDA:390,35,0,0
BRDA:402,36,0,0
BRDA:411,37,0,0
BRDA:415,38,0,0
BRDA:425,39,0,0
BRDA:425,39,1,0
BRDA:438,40,0,0
BRDA:442,41,0,0
BRDA:470,42,0,0
BRDA:471,43,0,0
BRDA:471,43,1,0
BRDA:474,44,0,0
BRDA:474,44,1,0
BRDA:474,44,2,0
BRDA:475,45,0,0
BRDA:475,45,1,0
BRDA:475,45,2,0
BRDA:486,46,0,0
BRDA:497,47,0,0
BRDA:500,48,0,0
BRDA:500,48,1,0
BRF:75
BRH:0
end_of_record
TN:
SF:js/modules/notifications.ts
FN:13,handleNewEvents
FN:14,(anonymous_1)
FN:15,(anonymous_2)
FNF:3
FNH:0
FNDA:0,handleNewEvents
FNDA:0,(anonymous_1)
FNDA:0,(anonymous_2)
DA:14,0
DA:15,0
DA:16,0
DA:17,0
DA:18,0
DA:23,0
DA:31,0
DA:32,0
DA:33,0
DA:40,0
LF:10
LH:0
BRDA:17,0,0,0
BRDA:18,1,0,0
BRDA:18,1,1,0
BRDA:23,2,0,0
BRDA:23,2,1,0
BRDA:25,3,0,0
BRDA:25,3,1,0
BRDA:31,4,0,0
BRDA:32,5,0,0
BRF:9
BRH:0
end_of_record
TN:
SF:js/modules/popups.ts
FN:7,showCenterPopup
FN:20,hideCenterPopup
FN:33,copyToClipboard
FN:150,showLegendPopup
FNF:4
FNH:0
FNDA:0,showCenterPopup
FNDA:0,hideCenterPopup
FNDA:0,copyToClipboard
FNDA:0,showLegendPopup
DA:8,0
DA:9,0
DA:10,0
DA:12,0
DA:13,0
DA:14,0
DA:21,0
DA:22,0
DA:24,0
DA:25,0
DA:34,0
DA:36,0
DA:37,0
DA:44,0
DA:46,0
DA:47,0
DA:48,0
DA:49,0
DA:50,0
DA:51,0
DA:52,0
DA:55,0
DA:56,0
DA:59,0
DA:60,0
DA:61,0
DA:63,0
DA:67,0
DA:69,0
DA:71,0
DA:72,0
DA:73,0
DA:74,0
DA:75,0
DA:80,0
DA:82,0
DA:83,0
DA:84,0
DA:86,0
DA:89,0
DA:92,0
DA:93,0
DA:95,0
DA:97,0
DA:102,0
DA:103,0
DA:104,0
DA:105,0
DA:109,0
DA:110,0
DA:111,0
DA:112,0
DA:113,0
DA:114,0
DA:115,0
DA:116,0
DA:118,0
DA:119,0
DA:120,0
DA:123,0
DA:126,0
DA:128,0
DA:129,0
DA:132,0
DA:133,0
DA:134,0
DA:135,0
DA:136,0
DA:138,0
DA:141,0
DA:143,0
DA:153,0
DA:154,0
DA:155,0
DA:157,0
DA:197,0
DA:202,0
DA:203,0
DA:204,0
DA:205,0
LF:80
LH:0
BRDA:12,0,0,0
BRDA:36,1,0,0
BRDA:44,2,0,0
BRDA:69,3,0,0
BRDA:69,3,1,0
BRDA:71,4,0,0
BRDA:71,4,1,0
BRDA:73,5,0,0
BRDA:73,5,1,0
BRDA:73,6,0,0
BRDA:73,6,1,0
BRDA:82,7,0,0
BRDA:82,7,1,0
BRDA:82,8,0,0
BRDA:82,8,1,0
BRDA:92,9,0,0
BRDA:102,10,0,0
BRDA:102,11,0,0
BRDA:102,11,1,0
BRDA:118,12,0,0
BRDA:128,13,0,0
BRDA:132,14,0,0
BRDA:132,14,1,0
BRDA:134,15,0,0
BRDA:134,15,1,0
BRDA:134,16,0,0
BRDA:134,16,1,0
BRF:27
BRH:0
end_of_record
TN:
SF:js/telegram/integration.ts
FN:21,(anonymous_0)
FN:29,(anonymous_1)
FN:57,(anonymous_2)
FN:79,(anonymous_3)
FN:84,(anonymous_4)
FN:89,(anonymous_5)
FN:93,(anonymous_6)
FN:100,(anonymous_7)
FN:121,(anonymous_8)
FN:159,(anonymous_9)
FN:169,(anonymous_10)
FN:179,(anonymous_11)
FN:209,(anonymous_12)
FN:216,(anonymous_13)
FN:218,(anonymous_14)
FN:228,(anonymous_15)
FN:235,(anonymous_16)
FN:237,(anonymous_17)
FN:245,(anonymous_18)
FN:250,(anonymous_19)
FN:250,(anonymous_20)
FN:254,(anonymous_21)
FN:263,(anonymous_22)
FN:272,(anonymous_23)
FN:273,(anonymous_24)
FN:279,(anonymous_25)
FN:287,(anonymous_26)
FN:297,(anonymous_27)
FN:298,(anonymous_28)
FN:309,(anonymous_29)
FN:318,(anonymous_30)
FN:319,(anonymous_31)
FN:330,(anonymous_32)
FN:344,(anonymous_33)
FN:358,(anonymous_34)
FN:359,(anonymous_35)
FN:365,(anonymous_36)
FN:379,(anonymous_37)
FN:380,(anonymous_38)
FN:386,(anonymous_39)
FN:392,(anonymous_40)
FN:394,(anonymous_41)
FN:399,(anonymous_42)
FN:406,(anonymous_43)
FN:411,(anonymous_44)
FN:412,(anonymous_45)
FN:418,(anonymous_46)
FN:430,(anonymous_47)
FN:442,(anonymous_48)
FN:446,(anonymous_49)
FN:455,(anonymous_50)
FN:463,(anonymous_51)
FN:478,(anonymous_52)
FN:479,(anonymous_53)
FN:482,(anonymous_54)
FN:491,(anonymous_55)
FN:492,(anonymous_56)
FN:516,(anonymous_57)
FN:520,(anonymous_58)
FN:522,(anonymous_59)
FN:530,(anonymous_60)
FN:535,(anonymous_61)
FN:543,(anonymous_62)
FN:551,(anonymous_63)
FN:559,(anonymous_64)
FN:563,(anonymous_65)
FNF:66
FNH:0
FNDA:0,(anonymous_0)
FNDA:0,(anonymous_1)
FNDA:0,(anonymous_2)
FNDA:0,(anonymous_3)
FNDA:0,(anonymous_4)
FNDA:0,(anonymous_5)
FNDA:0,(anonymous_6)
FNDA:0,(anonymous_7)
FNDA:0,(anonymous_8)
FNDA:0,(anonymous_9)
FNDA:0,(anonymous_10)
FNDA:0,(anonymous_11)
FNDA:0,(anonymous_12)
FNDA:0,(anonymous_13)
FNDA:0,(anonymous_14)
FNDA:0,(anonymous_15)
FNDA:0,(anonymous_16)
FNDA:0,(anonymous_17)
FNDA:0,(anonymous_18)
FNDA:0,(anonymous_19)
FNDA:0,(anonymous_20)
FNDA:0,(anonymous_21)
FNDA:0,(anonymous_22)
FNDA:0,(anonymous_23)
FNDA:0,(anonymous_24)
FNDA:0,(anonymous_25)
FNDA:0,(anonymous_26)
FNDA:0,(anonymous_27)
FNDA:0,(anonymous_28)
FNDA:0,(anonymous_29)
FNDA:0,(anonymous_30)
FNDA:0,(anonymous_31)
FNDA:0,(anonymous_32)
FNDA:0,(anonymous_33)
FNDA:0,(anonymous_34)
FNDA:0,(anonymous_35)
FNDA:0,(anonymous_36)
FNDA:0,(anonymous_37)
FNDA:0,(anonymous_38)
FNDA:0,(anonymous_39)
FNDA:0,(anonymous_40)
FNDA:0,(anonymous_41)
FNDA:0,(anonymous_42)
FNDA:0,(anonymous_43)
FNDA:0,(anonymous_44)
FNDA:0,(anonymous_45)
FNDA:0,(anonymous_46)
FNDA:0,(anonymous_47)
FNDA:0,(anonymous_48)
FNDA:0,(anonymous_49)
FNDA:0,(anonymous_50)
FNDA:0,(anonymous_51)
FNDA:0,(anonymous_52)
FNDA:0,(anonymous_53)
FNDA:0,(anonymous_54)
FNDA:0,(anonymous_55)
FNDA:0,(anonymous_56)
FNDA:0,(anonymous_57)
FNDA:0,(anonymous_58)
FNDA:0,(anonymous_59)
FNDA:0,(anonymous_60)
FNDA:0,(anonymous_61)
FNDA:0,(anonymous_62)
FNDA:0,(anonymous_63)
FNDA:0,(anonymous_64)
FNDA:0,(anonymous_65)
DA:18,0
DA:19,0
DA:22,0
DA:30,0
DA:31,0
DA:32,0
DA:36,0
DA:39,0
DA:42,0
DA:43,0
DA:44,0
DA:49,0
DA:50,0
DA:54,0
DA:57,0
DA:58,0
DA:59,0
DA:63,0
DA:64,0
DA:65,0
DA:70,0
DA:71,0
DA:72,0
DA:77,0
DA:78,0
DA:79,0
DA:82,0
DA:83,0
DA:84,0
DA:88,0
DA:89,0
DA:90,0
DA:91,0
DA:93,0
DA:94,0
DA:95,0
DA:100,0
DA:101,0
DA:102,0
DA:105,0
DA:107,0
DA:108,0
DA:115,0
DA:122,0
DA:123,0
DA:124,0
DA:126,0
DA:144,0
DA:145,0
DA:148,0
DA:149,0
DA:151,0
DA:152,0
DA:153,0
DA:156,0
DA:160,0
DA:161,0
DA:162,0
DA:163,0
DA:164,0
DA:165,0
DA:166,0
DA:170,0
DA:171,0
DA:172,0
DA:173,0
DA:174,0
DA:175,0
DA:176,0
DA:180,0
DA:181,0
DA:182,0
DA:184,0
DA:185,0
DA:189,0
DA:190,0
DA:194,0
DA:195,0
DA:197,0
DA:198,0
DA:200,0
DA:201,0
DA:204,0
DA:205,0
DA:210,0
DA:211,0
DA:212,0
DA:213,0
DA:216,0
DA:217,0
DA:218,0
DA:219,0
DA:222,0
DA:223,0
DA:229,0
DA:230,0
DA:231,0
DA:232,0
DA:235,0
DA:236,0
DA:237,0
DA:239,0
DA:240,0
DA:246,0
DA:247,0
DA:250,0
DA:255,0
DA:256,0
DA:257,0
DA:259,0
DA:264,0
DA:265,0
DA:266,0
DA:268,0
DA:272,0
DA:273,0
DA:274,0
DA:280,0
DA:281,0
DA:282,0
DA:284,0
DA:288,0
DA:289,0
DA:290,0
DA:291,0
DA:293,0
DA:297,0
DA:298,0
DA:299,0
DA:300,0
DA:301,0
DA:303,0
DA:310,0
DA:311,0
DA:312,0
DA:314,0
DA:318,0
DA:319,0
DA:320,0
DA:321,0
DA:322,0
DA:324,0
DA:331,0
DA:332,0
DA:333,0
DA:335,0
DA:336,0
DA:337,0
DA:339,0
DA:340,0
DA:345,0
DA:346,0
DA:347,0
DA:348,0
DA:349,0
DA:351,0
DA:354,0
DA:355,0
DA:358,0
DA:359,0
DA:360,0
DA:366,0
DA:367,0
DA:368,0
DA:369,0
DA:370,0
DA:371,0
DA:372,0
DA:374,0
DA:375,0
DA:379,0
DA:380,0
DA:381,0
DA:387,0
DA:388,0
DA:389,0
DA:392,0
DA:393,0
DA:394,0
DA:395,0
DA:396,0
DA:398,0
DA:399,0
DA:400,0
DA:401,0
DA:407,0
DA:408,0
DA:411,0
DA:412,0
DA:413,0
DA:419,0
DA:420,0
DA:421,0
DA:422,0
DA:424,0
DA:426,0
DA:427,0
DA:431,0
DA:432,0
DA:433,0
DA:434,0
DA:436,0
DA:438,0
DA:439,0
DA:443,0
DA:444,0
DA:445,0
DA:446,0
DA:447,0
DA:450,0
DA:452,0
DA:456,0
DA:457,0
DA:458,0
DA:460,0
DA:464,0
DA:468,0
DA:469,0
DA:472,0
DA:477,0
DA:478,0
DA:479,0
DA:482,0
DA:487,0
DA:488,0
DA:491,0
DA:492,0
DA:493,0
DA:494,0
DA:503,0
DA:510,0
DA:511,0
DA:517,0
DA:518,0
DA:520,0
DA:521,0
DA:523,0
DA:530,0
DA:536,0
DA:537,0
DA:538,0
DA:540,0
DA:544,0
DA:545,0
DA:546,0
DA:548,0
DA:552,0
DA:553,0
DA:554,0
DA:556,0
DA:560,0
DA:564,0
DA:566,0
DA:580,0
LF:254
LH:0
BRDA:30,0,0,0
BRDA:43,1,0,0
BRDA:43,2,0,0
BRDA:43,2,1,0
BRDA:49,3,0,0
BRDA:64,4,0,0
BRDA:64,5,0,0
BRDA:64,5,1,0
BRDA:71,6,0,0
BRDA:71,7,0,0
BRDA:71,7,1,0
BRDA:77,8,0,0
BRDA:82,9,0,0
BRDA:88,10,0,0
BRDA:107,11,0,0
BRDA:122,12,0,0
BRDA:145,13,0,0
BRDA:152,14,0,0
BRDA:152,15,0,0
BRDA:152,15,1,0
BRDA:161,16,0,0
BRDA:171,17,0,0
BRDA:179,18,0,0
BRDA:180,19,0,0
BRDA:182,20,0,0
BRDA:185,21,0,0
BRDA:185,21,1,0
BRDA:185,21,2,0
BRDA:185,21,3,0
BRDA:185,21,4,0
BRDA:185,21,5,0
BRDA:185,21,6,0
BRDA:185,21,7,0
BRDA:209,22,0,0
BRDA:211,23,0,0
BRDA:211,24,0,0
BRDA:211,24,1,0
BRDA:230,25,0,0
BRDA:230,26,0,0
BRDA:230,26,1,0
BRDA:246,27,0,0
BRDA:255,28,0,0
BRDA:256,29,0,0
BRDA:256,29,1,0
BRDA:264,30,0,0
BRDA:274,31,0,0
BRDA:274,31,1,0
BRDA:279,32,0,0
BRDA:280,33,0,0
BRDA:288,34,0,0
BRDA:299,35,0,0
BRDA:299,35,1,0
BRDA:310,36,0,0
BRDA:320,37,0,0
BRDA:320,37,1,0
BRDA:324,38,0,0
BRDA:324,38,1,0
BRDA:330,39,0,0
BRDA:331,40,0,0
BRDA:344,41,0,0
BRDA:345,42,0,0
BRDA:346,43,0,0
BRDA:348,44,0,0
BRDA:348,44,1,0
BRDA:366,45,0,0
BRDA:387,46,0,0
BRDA:407,47,0,0
BRDA:419,48,0,0
BRDA:420,49,0,0
BRDA:431,50,0,0
BRDA:432,51,0,0
BRDA:432,52,0,0
BRDA:432,52,1,0
BRDA:442,53,0,0
BRDA:443,54,0,0
BRDA:445,55,0,0
BRDA:456,56,0,0
BRDA:468,57,0,0
BRDA:477,58,0,0
BRDA:487,59,0,0
BRDA:487,60,0,0
BRDA:487,60,1,0
BRDA:493,61,0,0
BRDA:493,61,1,0
BRDA:517,62,0,0
BRDA:526,63,0,0
BRDA:526,63,1,0
BRDA:536,64,0,0
BRDA:543,65,0,0
BRDA:544,66,0,0
BRDA:552,67,0,0
BRDA:564,68,0,0
BRF:92
BRH:0
end_of_record
